<?xml version="1.0" encoding="UTF-8"?>
<!-- Generated by org.testng.reporters.JUnitReportReporter -->
<testsuite hostname="DESKTOP-T1TKO85" failures="0" tests="1" name="jsonpathexample.JsonPathIntro" time="2.851" errors="0" timestamp="2022-01-04T08:41:08 IST" skipped="0">
  <testcase classname="jsonpathexample.JsonPathIntro" name="jsonPathDemo" time="2.851"/>
  <system-out/>
</testsuite> <!-- jsonpathexample.JsonPathIntro -->
