<?xml version="1.0" encoding="UTF-8"?>
<!-- Generated by org.testng.reporters.JUnitReportReporter -->
<testsuite skipped="0" hostname="DESKTOP-T1TKO85" name="com.udemy.om.RequestSpecificationFromRetarget" tests="2" failures="0" timestamp="2022-06-08T12:08:55 IST" time="1.114" errors="0">
  <testcase name="getBookingDetailsWithInvalidFirstName" time="0.007" classname="com.udemy.om.RequestSpecificationFromRetarget"/>
  <system-out/>
  <testcase name="getAllBookingsWithoutRS" time="1.107" classname="com.udemy.om.RequestSpecificationFromRetarget"/>
  <system-out/>
</testsuite> <!-- com.udemy.om.RequestSpecificationFromRetarget -->
