<?xml version="1.0" encoding="UTF-8"?>
<!-- Generated by org.testng.reporters.JUnitReportReporter -->
<testsuite skipped="2" hostname="DESKTOP-T1TKO85" name="com.restpractice.toolsqa.RestAssuredGETApiTest" tests="3" failures="0" timestamp="2022-06-02T16:06:50 IST" time="8.678" errors="0">
  <testcase name="validateResponse" time="8.678" classname="com.restpractice.toolsqa.RestAssuredGETApiTest"/>
  <system-out/>
  <testcase name="getBookDetails" classname="com.restpractice.toolsqa.RestAssuredGETApiTest">
    <skipped/>
  </testcase> <!-- getBookDetails -->
  <system-out/>
  <testcase name="getBookDetails2ndWay" classname="com.restpractice.toolsqa.RestAssuredGETApiTest">
    <skipped/>
  </testcase> <!-- getBookDetails2ndWay -->
  <system-out/>
</testsuite> <!-- com.restpractice.toolsqa.RestAssuredGETApiTest -->
