<?xml version="1.0" encoding="UTF-8"?>
<!-- Generated by org.testng.reporters.JUnitReportReporter -->
<testsuite skipped="0" hostname="DESKTOP-T1TKO85" name="com.authorization.test.BasicAuthenticationCheck" tests="1" failures="0" timestamp="2022-06-20T12:10:55 IST" time="6.226" errors="0">
  <testcase name="authentiation_reuse_check" time="6.226" classname="com.authorization.test.BasicAuthenticationCheck"/>
  <system-out/>
</testsuite> <!-- com.authorization.test.BasicAuthenticationCheck -->
