<?xml version="1.0" encoding="UTF-8"?>
<!-- Generated by org.testng.reporters.JUnitReportReporter -->
<testsuite skipped="0" hostname="DESKTOP-T1TKO85" name="com.restpractice.toolsqa.RestAssuredPostApiTest" tests="1" failures="0" timestamp="2022-06-01T11:21:14 IST" time="7.285" errors="0">
  <testcase name="postBooK" time="7.285" classname="com.restpractice.toolsqa.RestAssuredPostApiTest"/>
  <system-out/>
</testsuite> <!-- com.restpractice.toolsqa.RestAssuredPostApiTest -->
