<?xml version="1.0" encoding="UTF-8"?>
<!-- Generated by org.testng.reporters.JUnitReportReporter -->
<testsuite skipped="0" hostname="DESKTOP-T1TKO85" name="com.udemy.om.ResponseSpecificationExampleFromR" tests="2" failures="0" timestamp="2022-06-08T17:35:38 IST" time="0.219" errors="0">
  <testcase name="validate_workspace_status_code" time="0.192" classname="com.udemy.om.ResponseSpecificationExampleFromR"/>
  <system-out/>
  <testcase name="validate_workspaces_response_body" time="0.027" classname="com.udemy.om.ResponseSpecificationExampleFromR"/>
  <system-out/>
</testsuite> <!-- com.udemy.om.ResponseSpecificationExampleFromR -->
