<?xml version="1.0" encoding="UTF-8"?>
<!-- Generated by org.testng.reporters.JUnitReportReporter -->
<testsuite skipped="0" hostname="DESKTOP-T1TKO85" name="com.rest.sendpayloaddifferentways.SendPayloadJsonArrayAsList" tests="1" failures="0" timestamp="2022-06-09T15:31:52 IST" time="12.498" errors="0">
  <testcase name="validate_post_request_payloadJson_as_arrayList" time="12.498" classname="com.rest.sendpayloaddifferentways.SendPayloadJsonArrayAsList"/>
  <system-out/>
</testsuite> <!-- com.rest.sendpayloaddifferentways.SendPayloadJsonArrayAsList -->
