<?xml version="1.0" encoding="UTF-8"?>
<!-- Generated by org.testng.reporters.JUnitReportReporter -->
<testsuite skipped="0" hostname="DESKTOP-T1TKO85" name="com.authorization.test.BasicAuthenticationCheck" tests="1" failures="0" timestamp="2022-06-12T19:15:16 IST" time="5.291" errors="0">
  <testcase name="get_user_Data" time="5.291" classname="com.authorization.test.BasicAuthenticationCheck"/>
  <system-out/>
</testsuite> <!-- com.authorization.test.BasicAuthenticationCheck -->
