<?xml version="1.0" encoding="UTF-8"?>
<!-- Generated by org.testng.reporters.JUnitReportReporter -->
<testsuite skipped="0" hostname="DESKTOP-T1TKO85" name="com.udemy.om.SerializationCheck" tests="1" failures="0" timestamp="2022-06-11T16:35:11 IST" time="11.421" errors="0">
  <testcase name="serialization_using_jacksonAPI_JsonObject" time="11.421" classname="com.udemy.om.SerializationCheck"/>
  <system-out/>
</testsuite> <!-- com.udemy.om.SerializationCheck -->
