<?xml version="1.0" encoding="UTF-8"?>
<!-- Generated by org.testng.reporters.JUnitReportReporter -->
<testsuite skipped="0" hostname="DESKTOP-T1TKO85" name="com.udemy.om.AutomatePOST" tests="1" failures="0" timestamp="2022-06-09T11:32:50 IST" time="5.623" errors="0">
  <testcase name="validate_post_request_BDDFormat" time="5.623" classname="com.udemy.om.AutomatePOST"/>
  <system-out/>
</testsuite> <!-- com.udemy.om.AutomatePOST -->
