<?xml version="1.0" encoding="UTF-8"?>
<!-- Generated by org.testng.reporters.JUnitReportReporter -->
<testsuite skipped="0" hostname="DESKTOP-T1TKO85" name="com.rest.sendpayloaddifferentways.SendPayloadAsMap" tests="1" failures="0" timestamp="2022-06-09T12:47:39 IST" time="7.456" errors="0">
  <testcase name="validate_post_request_payload_as_map" time="7.456" classname="com.rest.sendpayloaddifferentways.SendPayloadAsMap"/>
  <system-out/>
</testsuite> <!-- com.rest.sendpayloaddifferentways.SendPayloadAsMap -->
