<?xml version="1.0" encoding="UTF-8"?>
<!-- Generated by org.testng.reporters.JUnitReportReporter -->
<testsuite skipped="0" hostname="DESKTOP-T1TKO85" name="com.udemy.om.AutomateGet" tests="2" failures="0" timestamp="2022-06-07T15:41:20 IST" time="10.564" errors="0">
  <testcase name="validate_response_body" time="0.045" classname="com.udemy.om.AutomateGet"/>
  <system-out/>
  <testcase name="validate_status_code" time="10.519" classname="com.udemy.om.AutomateGet"/>
  <system-out/>
</testsuite> <!-- com.udemy.om.AutomateGet -->
