<?xml version="1.0" encoding="UTF-8"?>
<!-- Generated by org.testng.reporters.JUnitReportReporter -->
<testsuite skipped="0" hostname="DESKTOP-T1TKO85" name="com.restpractice.toolsqa.GetpagesFromTitle" tests="1" failures="0" timestamp="2022-06-17T16:20:14 IST" time="6.140" errors="0">
  <testcase name="getpages" time="6.140" classname="com.restpractice.toolsqa.GetpagesFromTitle"/>
  <system-out/>
</testsuite> <!-- com.restpractice.toolsqa.GetpagesFromTitle -->
