<?xml version="1.0" encoding="UTF-8"?>
<!-- Generated by org.testng.reporters.JUnitReportReporter -->
<testsuite skipped="0" hostname="DESKTOP-T1TKO85" name="com.udemy.om.RequestSpecificationExample" tests="2" failures="0" timestamp="2022-06-08T17:13:35 IST" time="15.017" errors="0">
  <testcase name="validate_status_code" time="2.003" classname="com.udemy.om.RequestSpecificationExample"/>
  <system-out/>
  <testcase name="validate_response_body" time="13.014" classname="com.udemy.om.RequestSpecificationExample"/>
  <system-out/>
</testsuite> <!-- com.udemy.om.RequestSpecificationExample -->
