<?xml version="1.0" encoding="UTF-8"?>
<!-- Generated by org.testng.reporters.JUnitReportReporter -->
<testsuite skipped="0" hostname="DESKTOP-T1TKO85" name="com.udemy.om.ResponseSpecificationBuilder" tests="2" failures="0" timestamp="2022-06-08T17:42:56 IST" time="0.211" errors="0">
  <testcase name="validate_workspaces_response_body" time="0.018" classname="com.udemy.om.ResponseSpecificationBuilder"/>
  <system-out/>
  <testcase name="validate_workspace_status_code" time="0.193" classname="com.udemy.om.ResponseSpecificationBuilder"/>
  <system-out/>
</testsuite> <!-- com.udemy.om.ResponseSpecificationBuilder -->
