<?xml version="1.0" encoding="UTF-8"?>
<!-- Generated by org.testng.reporters.JUnitReportReporter -->
<testsuite skipped="0" hostname="DESKTOP-T1TKO85" name="com.rest.sendpayloaddifferentways.UploadFile" tests="1" failures="0" timestamp="2022-06-10T20:06:43 IST" time="12.425" errors="0">
  <testcase name="upload_file_multipart_form_data" time="12.425" classname="com.rest.sendpayloaddifferentways.UploadFile"/>
  <system-out/>
</testsuite> <!-- com.rest.sendpayloaddifferentways.UploadFile -->
