<?xml version="1.0" encoding="UTF-8"?>
<!-- Generated by org.testng.reporters.JUnitReportReporter -->
<testsuite skipped="0" hostname="DESKTOP-T1TKO85" name="com.udemy.om.WithRequestSpecification" tests="2" failures="0" timestamp="2022-06-08T14:25:11 IST" time="0.409" errors="0">
  <testcase name="getBookingDetailsWithInvalidFirstName" time="0.080" classname="com.udemy.om.WithRequestSpecification"/>
  <system-out/>
  <testcase name="getAllBookingsWithRS" time="0.329" classname="com.udemy.om.WithRequestSpecification"/>
  <system-out/>
</testsuite> <!-- com.udemy.om.WithRequestSpecification -->
