<?xml version="1.0" encoding="UTF-8"?>
<!-- Generated by org.testng.reporters.JUnitReportReporter -->
<testsuite skipped="1" hostname="DESKTOP-T1TKO85" name="com.rest.sendpayloaddifferentways.RequestParametersCheck" tests="2" failures="0" timestamp="2022-06-10T18:58:52 IST" time="12.005" errors="0">
  <testcase name="multipart_form_data" time="12.005" classname="com.rest.sendpayloaddifferentways.RequestParametersCheck"/>
  <system-out/>
  <testcase name="single_query_parameter" classname="com.rest.sendpayloaddifferentways.RequestParametersCheck">
    <skipped/>
  </testcase> <!-- single_query_parameter -->
  <system-out/>
</testsuite> <!-- com.rest.sendpayloaddifferentways.RequestParametersCheck -->
