<?xml version="1.0" encoding="UTF-8"?>
<!-- Generated by org.testng.reporters.JUnitReportReporter -->
<testsuite skipped="0" hostname="DESKTOP-T1TKO85" name="com.rest.sendpayloaddifferentways.SendPayloadAsFile" tests="1" failures="0" timestamp="2022-06-09T12:08:09 IST" time="7.438" errors="0">
  <testcase name="validate_post_request_payload_from_file" time="7.438" classname="com.rest.sendpayloaddifferentways.SendPayloadAsFile"/>
  <system-out/>
</testsuite> <!-- com.rest.sendpayloaddifferentways.SendPayloadAsFile -->
